<?xml version="1.0" encoding="UTF-8"?>
<!-- Generated by org.testng.reporters.JUnitXMLReporter -->
<testsuite hostname="VISHALPARIHAR" ignored="0" name="Test" tests="3" failures="3" timestamp="19 Aug 2018 21:54:32 GMT" time="15.633" errors="0">
  <testcase name="testValidCredentials" time="0.013" classname="actiTimeTest.TestLogin">
    <failure type="java.lang.AssertionError" message="null">
      <![CDATA[java.lang.AssertionError: null
at actiTimeTest.TestLogin.testValidCredentials(TestLogin.java:28)
... Removed 27 stack frames]]>
    </failure>
  </testcase> <!-- testValidCredentials -->
  <testcase name="testInvalidUn" time="0.002" classname="actiTimeTest.TestLogin">
    <failure type="java.lang.AssertionError" message="null">
      <![CDATA[java.lang.AssertionError: null
at actiTimeTest.TestLogin.testInvalidUn(TestLogin.java:45)
... Removed 27 stack frames]]>
    </failure>
  </testcase> <!-- testInvalidUn -->
  <testcase name="testInvalidPw" time="0.003" classname="actiTimeTest.TestLogin">
    <failure type="java.lang.AssertionError" message="null">
      <![CDATA[java.lang.AssertionError: null
at actiTimeTest.TestLogin.testInvalidPw(TestLogin.java:63)
... Removed 27 stack frames]]>
    </failure>
  </testcase> <!-- testInvalidPw -->
</testsuite> <!-- Test -->
